running develop
/usr/lib/python3/dist-packages/setuptools/command/easy_install.py:158: EasyInstallDeprecationWarning: easy_install command is deprecated. Use build and pip and other standards-based tools.
  warnings.warn(
/usr/lib/python3/dist-packages/setuptools/command/install.py:34: SetuptoolsDeprecationWarning: setup.py install is deprecated. Use build and pip and other standards-based tools.
  warnings.warn(
/usr/lib/python3/dist-packages/pkg_resources/__init__.py:116: PkgResourcesDeprecationWarning: 1.1build1 is an invalid version and will not be supported in a future release
  warnings.warn(
/usr/lib/python3/dist-packages/pkg_resources/__init__.py:116: PkgResourcesDeprecationWarning: 0.1.43ubuntu1 is an invalid version and will not be supported in a future release
  warnings.warn(
running egg_info
writing nodecomx.egg-info/PKG-INFO
writing dependency_links to nodecomx.egg-info/dependency_links.txt
writing entry points to nodecomx.egg-info/entry_points.txt
writing requirements to nodecomx.egg-info/requires.txt
writing top-level names to nodecomx.egg-info/top_level.txt
reading manifest file 'nodecomx.egg-info/SOURCES.txt'
writing manifest file 'nodecomx.egg-info/SOURCES.txt'
running build_ext
Creating /home/halvor/ros2_ws/install/nodecomx/lib/python3.10/site-packages/nodecomx.egg-link (link to .)
Installing processing script to /home/halvor/ros2_ws/install/nodecomx/lib/nodecomx
Installing receiver script to /home/halvor/ros2_ws/install/nodecomx/lib/nodecomx
Installing transmitter script to /home/halvor/ros2_ws/install/nodecomx/lib/nodecomx

Installed /home/halvor/ros2_ws/build/nodecomx
running install_data
