[0.255s] DEBUG:colcon:Command line arguments: ['/usr/bin/colcon', 'build', '--symlink-install']
[0.255s] DEBUG:colcon:Parsed command line arguments: Namespace(log_base=None, log_level=None, verb_name='build', build_base='build', install_base='install', merge_install=False, symlink_install=True, test_result_base=None, continue_on_error=False, executor='parallel', parallel_workers=12, event_handlers=None, ignore_user_meta=False, metas=['./colcon.meta'], base_paths=['.'], packages_ignore=None, packages_ignore_regex=None, paths=None, packages_up_to=None, packages_up_to_regex=None, packages_above=None, packages_above_and_dependencies=None, packages_above_depth=None, packages_select_by_dep=None, packages_skip_by_dep=None, packages_skip_up_to=None, packages_select_build_failed=False, packages_skip_build_finished=False, packages_select_test_failures=False, packages_skip_test_passed=False, packages_select=None, packages_skip=None, packages_select_regex=None, packages_skip_regex=None, packages_start=None, packages_end=None, allow_overriding=[], cmake_args=None, cmake_target=None, cmake_target_skip_unavailable=False, cmake_clean_cache=False, cmake_clean_first=False, cmake_force_configure=False, ament_cmake_args=None, catkin_cmake_args=None, catkin_skip_building_tests=False, verb_parser=<colcon_defaults.argument_parser.defaults.DefaultArgumentsDecorator object at 0x7f0685ac75b0>, verb_extension=<colcon_core.verb.build.BuildVerb object at 0x7f06862c5c00>, main=<bound method BuildVerb.main of <colcon_core.verb.build.BuildVerb object at 0x7f06862c5c00>>)
[0.277s] Level 1:colcon.colcon_core.package_discovery:discover_packages(colcon_meta) check parameters
[0.278s] Level 1:colcon.colcon_core.package_discovery:discover_packages(recursive) check parameters
[0.278s] Level 1:colcon.colcon_core.package_discovery:discover_packages(ignore) check parameters
[0.278s] Level 1:colcon.colcon_core.package_discovery:discover_packages(path) check parameters
[0.278s] Level 1:colcon.colcon_core.package_discovery:discover_packages(colcon_meta) discover
[0.278s] Level 1:colcon.colcon_core.package_discovery:discover_packages(recursive) discover
[0.278s] INFO:colcon.colcon_core.package_discovery:Crawling recursively for packages in '/home/halvor/ros2_ws'
[0.278s] Level 1:colcon.colcon_core.package_identification:_identify(.) by extensions ['ignore', 'ignore_ament_install']
[0.278s] Level 1:colcon.colcon_core.package_identification:_identify(.) by extension 'ignore'
[0.278s] Level 1:colcon.colcon_core.package_identification:_identify(.) by extension 'ignore_ament_install'
[0.278s] Level 1:colcon.colcon_core.package_identification:_identify(.) by extensions ['colcon_pkg']
[0.278s] Level 1:colcon.colcon_core.package_identification:_identify(.) by extension 'colcon_pkg'
[0.278s] Level 1:colcon.colcon_core.package_identification:_identify(.) by extensions ['colcon_meta']
[0.278s] Level 1:colcon.colcon_core.package_identification:_identify(.) by extension 'colcon_meta'
[0.278s] Level 1:colcon.colcon_core.package_identification:_identify(.) by extensions ['ros']
[0.278s] Level 1:colcon.colcon_core.package_identification:_identify(.) by extension 'ros'
[0.287s] Level 1:colcon.colcon_core.package_identification:_identify(.) by extensions ['cmake', 'python']
[0.287s] Level 1:colcon.colcon_core.package_identification:_identify(.) by extension 'cmake'
[0.287s] Level 1:colcon.colcon_core.package_identification:_identify(.) by extension 'python'
[0.287s] Level 1:colcon.colcon_core.package_identification:_identify(.) by extensions ['python_setup_py']
[0.287s] Level 1:colcon.colcon_core.package_identification:_identify(.) by extension 'python_setup_py'
[0.287s] Level 1:colcon.colcon_core.package_identification:_identify(build) by extensions ['ignore', 'ignore_ament_install']
[0.287s] Level 1:colcon.colcon_core.package_identification:_identify(build) by extension 'ignore'
[0.287s] Level 1:colcon.colcon_core.package_identification:_identify(build) ignored
[0.287s] Level 1:colcon.colcon_core.package_identification:_identify(install) by extensions ['ignore', 'ignore_ament_install']
[0.287s] Level 1:colcon.colcon_core.package_identification:_identify(install) by extension 'ignore'
[0.287s] Level 1:colcon.colcon_core.package_identification:_identify(install) ignored
[0.287s] Level 1:colcon.colcon_core.package_identification:_identify(log) by extensions ['ignore', 'ignore_ament_install']
[0.287s] Level 1:colcon.colcon_core.package_identification:_identify(log) by extension 'ignore'
[0.287s] Level 1:colcon.colcon_core.package_identification:_identify(log) ignored
[0.287s] Level 1:colcon.colcon_core.package_identification:_identify(src) by extensions ['ignore', 'ignore_ament_install']
[0.287s] Level 1:colcon.colcon_core.package_identification:_identify(src) by extension 'ignore'
[0.288s] Level 1:colcon.colcon_core.package_identification:_identify(src) by extension 'ignore_ament_install'
[0.288s] Level 1:colcon.colcon_core.package_identification:_identify(src) by extensions ['colcon_pkg']
[0.288s] Level 1:colcon.colcon_core.package_identification:_identify(src) by extension 'colcon_pkg'
[0.288s] Level 1:colcon.colcon_core.package_identification:_identify(src) by extensions ['colcon_meta']
[0.288s] Level 1:colcon.colcon_core.package_identification:_identify(src) by extension 'colcon_meta'
[0.288s] Level 1:colcon.colcon_core.package_identification:_identify(src) by extensions ['ros']
[0.288s] Level 1:colcon.colcon_core.package_identification:_identify(src) by extension 'ros'
[0.288s] Level 1:colcon.colcon_core.package_identification:_identify(src) by extensions ['cmake', 'python']
[0.288s] Level 1:colcon.colcon_core.package_identification:_identify(src) by extension 'cmake'
[0.288s] Level 1:colcon.colcon_core.package_identification:_identify(src) by extension 'python'
[0.288s] Level 1:colcon.colcon_core.package_identification:_identify(src) by extensions ['python_setup_py']
[0.288s] Level 1:colcon.colcon_core.package_identification:_identify(src) by extension 'python_setup_py'
[0.288s] Level 1:colcon.colcon_core.package_identification:_identify(src/nodecomh) by extensions ['ignore', 'ignore_ament_install']
[0.288s] Level 1:colcon.colcon_core.package_identification:_identify(src/nodecomh) by extension 'ignore'
[0.288s] Level 1:colcon.colcon_core.package_identification:_identify(src/nodecomh) by extension 'ignore_ament_install'
[0.288s] Level 1:colcon.colcon_core.package_identification:_identify(src/nodecomh) by extensions ['colcon_pkg']
[0.288s] Level 1:colcon.colcon_core.package_identification:_identify(src/nodecomh) by extension 'colcon_pkg'
[0.288s] Level 1:colcon.colcon_core.package_identification:_identify(src/nodecomh) by extensions ['colcon_meta']
[0.288s] Level 1:colcon.colcon_core.package_identification:_identify(src/nodecomh) by extension 'colcon_meta'
[0.288s] Level 1:colcon.colcon_core.package_identification:_identify(src/nodecomh) by extensions ['ros']
[0.288s] Level 1:colcon.colcon_core.package_identification:_identify(src/nodecomh) by extension 'ros'
[0.290s] DEBUG:colcon.colcon_core.package_identification:Package 'src/nodecomh' with type 'ros.ament_python' and name 'nodecomh'
[0.290s] Level 1:colcon.colcon_core.package_identification:_identify(src/nodecomx) by extensions ['ignore', 'ignore_ament_install']
[0.290s] Level 1:colcon.colcon_core.package_identification:_identify(src/nodecomx) by extension 'ignore'
[0.290s] Level 1:colcon.colcon_core.package_identification:_identify(src/nodecomx) by extension 'ignore_ament_install'
[0.290s] Level 1:colcon.colcon_core.package_identification:_identify(src/nodecomx) by extensions ['colcon_pkg']
[0.290s] Level 1:colcon.colcon_core.package_identification:_identify(src/nodecomx) by extension 'colcon_pkg'
[0.290s] Level 1:colcon.colcon_core.package_identification:_identify(src/nodecomx) by extensions ['colcon_meta']
[0.290s] Level 1:colcon.colcon_core.package_identification:_identify(src/nodecomx) by extension 'colcon_meta'
[0.290s] Level 1:colcon.colcon_core.package_identification:_identify(src/nodecomx) by extensions ['ros']
[0.290s] Level 1:colcon.colcon_core.package_identification:_identify(src/nodecomx) by extension 'ros'
[0.291s] DEBUG:colcon.colcon_core.package_identification:Package 'src/nodecomx' with type 'ros.ament_python' and name 'nodecomx'
[0.291s] Level 1:colcon.colcon_core.package_discovery:discover_packages(recursive) using defaults
[0.291s] Level 1:colcon.colcon_core.package_discovery:discover_packages(ignore) discover
[0.291s] Level 1:colcon.colcon_core.package_discovery:discover_packages(ignore) using defaults
[0.291s] Level 1:colcon.colcon_core.package_discovery:discover_packages(path) discover
[0.291s] Level 1:colcon.colcon_core.package_discovery:discover_packages(path) using defaults
[0.308s] Level 1:colcon.colcon_core.package_discovery:discover_packages(prefix_path) check parameters
[0.308s] Level 1:colcon.colcon_core.package_discovery:discover_packages(prefix_path) discover
[0.311s] DEBUG:colcon.colcon_installed_package_information.package_discovery:Found 270 installed packages in /opt/ros/humble
[0.312s] Level 1:colcon.colcon_core.package_discovery:discover_packages(prefix_path) using defaults
[0.357s] Level 5:colcon.colcon_core.verb:set package 'nodecomh' build argument 'cmake_args' from command line to 'None'
[0.357s] Level 5:colcon.colcon_core.verb:set package 'nodecomh' build argument 'cmake_target' from command line to 'None'
[0.357s] Level 5:colcon.colcon_core.verb:set package 'nodecomh' build argument 'cmake_target_skip_unavailable' from command line to 'False'
[0.358s] Level 5:colcon.colcon_core.verb:set package 'nodecomh' build argument 'cmake_clean_cache' from command line to 'False'
[0.358s] Level 5:colcon.colcon_core.verb:set package 'nodecomh' build argument 'cmake_clean_first' from command line to 'False'
[0.358s] Level 5:colcon.colcon_core.verb:set package 'nodecomh' build argument 'cmake_force_configure' from command line to 'False'
[0.358s] Level 5:colcon.colcon_core.verb:set package 'nodecomh' build argument 'ament_cmake_args' from command line to 'None'
[0.358s] Level 5:colcon.colcon_core.verb:set package 'nodecomh' build argument 'catkin_cmake_args' from command line to 'None'
[0.358s] Level 5:colcon.colcon_core.verb:set package 'nodecomh' build argument 'catkin_skip_building_tests' from command line to 'False'
[0.358s] DEBUG:colcon.colcon_core.verb:Building package 'nodecomh' with the following arguments: {'ament_cmake_args': None, 'build_base': '/home/halvor/ros2_ws/build/nodecomh', 'catkin_cmake_args': None, 'catkin_skip_building_tests': False, 'cmake_args': None, 'cmake_clean_cache': False, 'cmake_clean_first': False, 'cmake_force_configure': False, 'cmake_target': None, 'cmake_target_skip_unavailable': False, 'install_base': '/home/halvor/ros2_ws/install/nodecomh', 'merge_install': False, 'path': '/home/halvor/ros2_ws/src/nodecomh', 'symlink_install': True, 'test_result_base': None}
[0.358s] Level 5:colcon.colcon_core.verb:set package 'nodecomx' build argument 'cmake_args' from command line to 'None'
[0.358s] Level 5:colcon.colcon_core.verb:set package 'nodecomx' build argument 'cmake_target' from command line to 'None'
[0.358s] Level 5:colcon.colcon_core.verb:set package 'nodecomx' build argument 'cmake_target_skip_unavailable' from command line to 'False'
[0.358s] Level 5:colcon.colcon_core.verb:set package 'nodecomx' build argument 'cmake_clean_cache' from command line to 'False'
[0.358s] Level 5:colcon.colcon_core.verb:set package 'nodecomx' build argument 'cmake_clean_first' from command line to 'False'
[0.358s] Level 5:colcon.colcon_core.verb:set package 'nodecomx' build argument 'cmake_force_configure' from command line to 'False'
[0.359s] Level 5:colcon.colcon_core.verb:set package 'nodecomx' build argument 'ament_cmake_args' from command line to 'None'
[0.359s] Level 5:colcon.colcon_core.verb:set package 'nodecomx' build argument 'catkin_cmake_args' from command line to 'None'
[0.359s] Level 5:colcon.colcon_core.verb:set package 'nodecomx' build argument 'catkin_skip_building_tests' from command line to 'False'
[0.359s] DEBUG:colcon.colcon_core.verb:Building package 'nodecomx' with the following arguments: {'ament_cmake_args': None, 'build_base': '/home/halvor/ros2_ws/build/nodecomx', 'catkin_cmake_args': None, 'catkin_skip_building_tests': False, 'cmake_args': None, 'cmake_clean_cache': False, 'cmake_clean_first': False, 'cmake_force_configure': False, 'cmake_target': None, 'cmake_target_skip_unavailable': False, 'install_base': '/home/halvor/ros2_ws/install/nodecomx', 'merge_install': False, 'path': '/home/halvor/ros2_ws/src/nodecomx', 'symlink_install': True, 'test_result_base': None}
[0.359s] INFO:colcon.colcon_core.executor:Executing jobs using 'parallel' executor
[0.361s] DEBUG:colcon.colcon_parallel_executor.executor.parallel:run_until_complete
[0.361s] INFO:colcon.colcon_ros.task.ament_python.build:Building ROS package in '/home/halvor/ros2_ws/src/nodecomh' with build type 'ament_python'
[0.362s] Level 1:colcon.colcon_core.shell:create_environment_hook('nodecomh', 'ament_prefix_path')
[0.365s] INFO:colcon.colcon_core.plugin_system:Skipping extension 'colcon_core.shell.bat': Not used on non-Windows systems
[0.365s] INFO:colcon.colcon_core.shell:Creating environment hook '/home/halvor/ros2_ws/install/nodecomh/share/nodecomh/hook/ament_prefix_path.ps1'
[0.365s] INFO:colcon.colcon_core.shell:Creating environment descriptor '/home/halvor/ros2_ws/install/nodecomh/share/nodecomh/hook/ament_prefix_path.dsv'
[0.366s] INFO:colcon.colcon_core.shell:Creating environment hook '/home/halvor/ros2_ws/install/nodecomh/share/nodecomh/hook/ament_prefix_path.sh'
[0.367s] INFO:colcon.colcon_core.shell:Skip shell extension 'powershell' for command environment: Not usable outside of PowerShell
[0.367s] DEBUG:colcon.colcon_core.shell:Skip shell extension 'dsv' for command environment
[0.369s] INFO:colcon.colcon_ros.task.ament_python.build:Building ROS package in '/home/halvor/ros2_ws/src/nodecomx' with build type 'ament_python'
[0.370s] Level 1:colcon.colcon_core.shell:create_environment_hook('nodecomx', 'ament_prefix_path')
[0.371s] INFO:colcon.colcon_core.shell:Creating environment hook '/home/halvor/ros2_ws/install/nodecomx/share/nodecomx/hook/ament_prefix_path.ps1'
[0.371s] INFO:colcon.colcon_core.shell:Creating environment descriptor '/home/halvor/ros2_ws/install/nodecomx/share/nodecomx/hook/ament_prefix_path.dsv'
[0.372s] INFO:colcon.colcon_core.shell:Creating environment hook '/home/halvor/ros2_ws/install/nodecomx/share/nodecomx/hook/ament_prefix_path.sh'
[0.373s] INFO:colcon.colcon_core.shell:Skip shell extension 'powershell' for command environment: Not usable outside of PowerShell
[0.373s] DEBUG:colcon.colcon_core.shell:Skip shell extension 'dsv' for command environment
[0.576s] INFO:colcon.colcon_core.task.python.build:Building Python package in '/home/halvor/ros2_ws/src/nodecomh'
[0.577s] INFO:colcon.colcon_core.shell:Skip shell extension 'powershell' for command environment: Not usable outside of PowerShell
[0.577s] DEBUG:colcon.colcon_core.shell:Skip shell extension 'dsv' for command environment
[0.776s] INFO:colcon.colcon_core.task.python.build:Building Python package in '/home/halvor/ros2_ws/src/nodecomx'
[0.777s] INFO:colcon.colcon_core.shell:Skip shell extension 'powershell' for command environment: Not usable outside of PowerShell
[0.777s] DEBUG:colcon.colcon_core.shell:Skip shell extension 'dsv' for command environment
[1.039s] DEBUG:colcon.colcon_core.task.python.build:While undoing a previous installation files outside the Python library path are being ignored: /home/halvor/ros2_ws/install/nodecomh/share/ament_index/resource_index/packages/nodecomh
[1.039s] DEBUG:colcon.colcon_core.task.python.build:While undoing a previous installation files outside the Python library path are being ignored: /home/halvor/ros2_ws/install/nodecomh/share/nodecomh/package.xml
[1.039s] DEBUG:colcon.colcon_core.task.python.build:While undoing a previous installation files outside the Python library path are being ignored: /home/halvor/ros2_ws/install/nodecomh/lib/nodecomh/processing
[1.040s] DEBUG:colcon.colcon_core.task.python.build:While undoing a previous installation files outside the Python library path are being ignored: /home/halvor/ros2_ws/install/nodecomh/lib/nodecomh/receiver
[1.040s] DEBUG:colcon.colcon_core.task.python.build:While undoing a previous installation files outside the Python library path are being ignored: /home/halvor/ros2_ws/install/nodecomh/lib/nodecomh/transmitter
[1.042s] DEBUG:colcon.colcon_core.event_handler.log_command:Invoking command in '/home/halvor/ros2_ws/build/nodecomh': PYTHONPATH=/home/halvor/ros2_ws/build/nodecomh/prefix_override:/home/halvor/ros2_ws/install/nodecomh/lib/python3.10/site-packages:${PYTHONPATH} /usr/bin/python3 setup.py develop --editable --build-directory /home/halvor/ros2_ws/build/nodecomh/build --no-deps install_data
[1.043s] DEBUG:colcon.colcon_core.task.python.build:While undoing a previous installation files outside the Python library path are being ignored: /home/halvor/ros2_ws/install/nodecomx/share/ament_index/resource_index/packages/nodecomx
[1.043s] DEBUG:colcon.colcon_core.task.python.build:While undoing a previous installation files outside the Python library path are being ignored: /home/halvor/ros2_ws/install/nodecomx/share/nodecomx/package.xml
[1.043s] DEBUG:colcon.colcon_core.task.python.build:While undoing a previous installation files outside the Python library path are being ignored: /home/halvor/ros2_ws/install/nodecomx/share/nodecomx
[1.043s] DEBUG:colcon.colcon_core.task.python.build:While undoing a previous installation files outside the Python library path are being ignored: /home/halvor/ros2_ws/install/nodecomx/lib/nodecomx/processing
[1.043s] DEBUG:colcon.colcon_core.task.python.build:While undoing a previous installation files outside the Python library path are being ignored: /home/halvor/ros2_ws/install/nodecomx/lib/nodecomx/receiver
[1.043s] DEBUG:colcon.colcon_core.task.python.build:While undoing a previous installation files outside the Python library path are being ignored: /home/halvor/ros2_ws/install/nodecomx/lib/nodecomx/transmitter
[1.044s] DEBUG:colcon.colcon_core.event_handler.log_command:Invoking command in '/home/halvor/ros2_ws/build/nodecomx': PYTHONPATH=/home/halvor/ros2_ws/build/nodecomx/prefix_override:/home/halvor/ros2_ws/install/nodecomx/lib/python3.10/site-packages:${PYTHONPATH} /usr/bin/python3 setup.py develop --editable --build-directory /home/halvor/ros2_ws/build/nodecomx/build --no-deps install_data
[1.416s] Level 1:colcon.colcon_core.shell:create_environment_hook('nodecomx', 'pythonpath_develop')
[1.417s] INFO:colcon.colcon_core.shell:Creating environment hook '/home/halvor/ros2_ws/build/nodecomx/share/nodecomx/hook/pythonpath_develop.ps1'
[1.418s] DEBUG:colcon.colcon_core.event_handler.log_command:Invoked command in '/home/halvor/ros2_ws/build/nodecomx' returned '0': PYTHONPATH=/home/halvor/ros2_ws/build/nodecomx/prefix_override:/home/halvor/ros2_ws/install/nodecomx/lib/python3.10/site-packages:${PYTHONPATH} /usr/bin/python3 setup.py develop --editable --build-directory /home/halvor/ros2_ws/build/nodecomx/build --no-deps install_data
[1.418s] INFO:colcon.colcon_core.shell:Creating environment descriptor '/home/halvor/ros2_ws/build/nodecomx/share/nodecomx/hook/pythonpath_develop.dsv'
[1.418s] INFO:colcon.colcon_core.shell:Creating environment hook '/home/halvor/ros2_ws/build/nodecomx/share/nodecomx/hook/pythonpath_develop.sh'
[1.423s] Level 1:colcon.colcon_core.environment:checking '/home/halvor/ros2_ws/install/nodecomx' for CMake module files
[1.423s] Level 1:colcon.colcon_core.environment:checking '/home/halvor/ros2_ws/install/nodecomx' for CMake config files
[1.424s] Level 1:colcon.colcon_core.environment:checking '/home/halvor/ros2_ws/install/nodecomx/lib'
[1.424s] Level 1:colcon.colcon_core.environment:checking '/home/halvor/ros2_ws/install/nodecomx/bin'
[1.424s] Level 1:colcon.colcon_core.environment:checking '/home/halvor/ros2_ws/install/nodecomx/lib/pkgconfig/nodecomx.pc'
[1.424s] Level 1:colcon.colcon_core.environment:checking '/home/halvor/ros2_ws/install/nodecomx/lib/python3.10/site-packages'
[1.424s] Level 1:colcon.colcon_core.shell:create_environment_hook('nodecomx', 'pythonpath')
[1.426s] INFO:colcon.colcon_core.shell:Creating environment hook '/home/halvor/ros2_ws/install/nodecomx/share/nodecomx/hook/pythonpath.ps1'
[1.427s] INFO:colcon.colcon_core.shell:Creating environment descriptor '/home/halvor/ros2_ws/install/nodecomx/share/nodecomx/hook/pythonpath.dsv'
[1.427s] INFO:colcon.colcon_core.shell:Creating environment hook '/home/halvor/ros2_ws/install/nodecomx/share/nodecomx/hook/pythonpath.sh'
[1.427s] Level 1:colcon.colcon_core.environment:checking '/home/halvor/ros2_ws/install/nodecomx/bin'
[1.427s] Level 1:colcon.colcon_core.environment:create_environment_scripts_only(nodecomx)
[1.429s] INFO:colcon.colcon_core.shell:Creating package script '/home/halvor/ros2_ws/install/nodecomx/share/nodecomx/package.ps1'
[1.430s] INFO:colcon.colcon_core.shell:Creating package descriptor '/home/halvor/ros2_ws/install/nodecomx/share/nodecomx/package.dsv'
[1.430s] INFO:colcon.colcon_core.shell:Creating package script '/home/halvor/ros2_ws/install/nodecomx/share/nodecomx/package.sh'
[1.431s] INFO:colcon.colcon_core.shell:Creating package script '/home/halvor/ros2_ws/install/nodecomx/share/nodecomx/package.bash'
[1.431s] INFO:colcon.colcon_core.shell:Creating package script '/home/halvor/ros2_ws/install/nodecomx/share/nodecomx/package.zsh'
[1.432s] Level 1:colcon.colcon_core.environment:create_file_with_runtime_dependencies(/home/halvor/ros2_ws/install/nodecomx/share/colcon-core/packages/nodecomx)
[1.432s] Level 1:colcon.colcon_core.shell:create_environment_hook('nodecomh', 'pythonpath_develop')
[1.434s] INFO:colcon.colcon_core.shell:Creating environment hook '/home/halvor/ros2_ws/build/nodecomh/share/nodecomh/hook/pythonpath_develop.ps1'
[1.434s] DEBUG:colcon.colcon_core.event_handler.log_command:Invoked command in '/home/halvor/ros2_ws/build/nodecomh' returned '0': PYTHONPATH=/home/halvor/ros2_ws/build/nodecomh/prefix_override:/home/halvor/ros2_ws/install/nodecomh/lib/python3.10/site-packages:${PYTHONPATH} /usr/bin/python3 setup.py develop --editable --build-directory /home/halvor/ros2_ws/build/nodecomh/build --no-deps install_data
[1.434s] INFO:colcon.colcon_core.shell:Creating environment descriptor '/home/halvor/ros2_ws/build/nodecomh/share/nodecomh/hook/pythonpath_develop.dsv'
[1.434s] INFO:colcon.colcon_core.shell:Creating environment hook '/home/halvor/ros2_ws/build/nodecomh/share/nodecomh/hook/pythonpath_develop.sh'
[1.436s] Level 1:colcon.colcon_core.environment:checking '/home/halvor/ros2_ws/install/nodecomh' for CMake module files
[1.436s] Level 1:colcon.colcon_core.environment:checking '/home/halvor/ros2_ws/install/nodecomh' for CMake config files
[1.436s] Level 1:colcon.colcon_core.environment:checking '/home/halvor/ros2_ws/install/nodecomh/lib'
[1.437s] Level 1:colcon.colcon_core.environment:checking '/home/halvor/ros2_ws/install/nodecomh/bin'
[1.437s] Level 1:colcon.colcon_core.environment:checking '/home/halvor/ros2_ws/install/nodecomh/lib/pkgconfig/nodecomh.pc'
[1.437s] Level 1:colcon.colcon_core.environment:checking '/home/halvor/ros2_ws/install/nodecomh/lib/python3.10/site-packages'
[1.437s] Level 1:colcon.colcon_core.shell:create_environment_hook('nodecomh', 'pythonpath')
[1.438s] INFO:colcon.colcon_core.shell:Creating environment hook '/home/halvor/ros2_ws/install/nodecomh/share/nodecomh/hook/pythonpath.ps1'
[1.438s] INFO:colcon.colcon_core.shell:Creating environment descriptor '/home/halvor/ros2_ws/install/nodecomh/share/nodecomh/hook/pythonpath.dsv'
[1.438s] INFO:colcon.colcon_core.shell:Creating environment hook '/home/halvor/ros2_ws/install/nodecomh/share/nodecomh/hook/pythonpath.sh'
[1.439s] Level 1:colcon.colcon_core.environment:checking '/home/halvor/ros2_ws/install/nodecomh/bin'
[1.439s] Level 1:colcon.colcon_core.environment:create_environment_scripts_only(nodecomh)
[1.440s] INFO:colcon.colcon_core.shell:Creating package script '/home/halvor/ros2_ws/install/nodecomh/share/nodecomh/package.ps1'
[1.440s] INFO:colcon.colcon_core.shell:Creating package descriptor '/home/halvor/ros2_ws/install/nodecomh/share/nodecomh/package.dsv'
[1.440s] INFO:colcon.colcon_core.shell:Creating package script '/home/halvor/ros2_ws/install/nodecomh/share/nodecomh/package.sh'
[1.441s] INFO:colcon.colcon_core.shell:Creating package script '/home/halvor/ros2_ws/install/nodecomh/share/nodecomh/package.bash'
[1.441s] INFO:colcon.colcon_core.shell:Creating package script '/home/halvor/ros2_ws/install/nodecomh/share/nodecomh/package.zsh'
[1.441s] Level 1:colcon.colcon_core.environment:create_file_with_runtime_dependencies(/home/halvor/ros2_ws/install/nodecomh/share/colcon-core/packages/nodecomh)
[1.441s] DEBUG:colcon.colcon_parallel_executor.executor.parallel:closing loop
[1.441s] DEBUG:colcon.colcon_parallel_executor.executor.parallel:loop closed
[1.441s] DEBUG:colcon.colcon_parallel_executor.executor.parallel:run_until_complete finished with '0'
[1.441s] DEBUG:colcon.colcon_core.event_reactor:joining thread
[1.445s] INFO:colcon.colcon_core.plugin_system:Skipping extension 'colcon_notification.desktop_notification.terminal_notifier': Not used on non-Darwin systems
[1.445s] INFO:colcon.colcon_core.plugin_system:Skipping extension 'colcon_notification.desktop_notification.win32': Not used on non-Windows systems
[1.446s] INFO:colcon.colcon_notification.desktop_notification:Sending desktop notification using 'notify2'
[1.453s] DEBUG:colcon.colcon_core.event_reactor:joined thread
[1.454s] INFO:colcon.colcon_core.shell:Creating prefix script '/home/halvor/ros2_ws/install/local_setup.ps1'
[1.455s] INFO:colcon.colcon_core.shell:Creating prefix util module '/home/halvor/ros2_ws/install/_local_setup_util_ps1.py'
[1.456s] INFO:colcon.colcon_core.shell:Creating prefix chain script '/home/halvor/ros2_ws/install/setup.ps1'
[1.457s] INFO:colcon.colcon_core.shell:Creating prefix script '/home/halvor/ros2_ws/install/local_setup.sh'
[1.457s] INFO:colcon.colcon_core.shell:Creating prefix util module '/home/halvor/ros2_ws/install/_local_setup_util_sh.py'
[1.458s] INFO:colcon.colcon_core.shell:Creating prefix chain script '/home/halvor/ros2_ws/install/setup.sh'
[1.459s] INFO:colcon.colcon_core.shell:Creating prefix script '/home/halvor/ros2_ws/install/local_setup.bash'
[1.460s] INFO:colcon.colcon_core.shell:Creating prefix chain script '/home/halvor/ros2_ws/install/setup.bash'
[1.461s] INFO:colcon.colcon_core.shell:Creating prefix script '/home/halvor/ros2_ws/install/local_setup.zsh'
[1.462s] INFO:colcon.colcon_core.shell:Creating prefix chain script '/home/halvor/ros2_ws/install/setup.zsh'
